c:\users\oalıa\desktop\staj\gun_12\gun_12_deneme\server\debug\vc142.pdb
c:\users\oalıa\desktop\staj\gun_12\gun_12_deneme\server\debug\vc142.ıdb
c:\users\oalıa\desktop\staj\gun_12\gun_12_deneme\server\debug\server.obj
c:\users\oalıa\desktop\staj\gun_12\gun_12_deneme\server\debug\menu.obj
c:\users\oalıa\desktop\staj\gun_12\gun_12_deneme\server\debug\kullanıcıverı.obj
c:\users\oalıa\desktop\staj\gun_12\gun_12_deneme\server\debug\server.ılk
c:\users\oalıa\desktop\staj\gun_12\gun_12_deneme\server\debug\server.exe
c:\users\oalıa\desktop\staj\gun_12\gun_12_deneme\server\debug\server.pdb
c:\users\oalia\desktop\staj\gun_12\gun_12_deneme\server\debug\kullaniciveri.obj
c:\users\oalia\desktop\staj\gun_12\gun_12_deneme\server\debug\menu.obj
c:\users\oalia\desktop\staj\gun_12\gun_12_deneme\server\debug\server.obj
c:\users\oalia\desktop\staj\gun_12\gun_12_deneme\server\debug\server.ilk
c:\users\oalia\desktop\staj\gun_12\gun_12_deneme\server\debug\vc142.idb
c:\users\oalia\desktop\staj\gun_12\gun_12_deneme\server\debug\server.pdb
c:\users\oalia\desktop\staj\gun_12\gun_12_deneme\server\debug\vc142.pdb
c:\users\oalia\desktop\staj\gun_12\gun_12_deneme\server\debug\server.tlog\cl.command.1.tlog
c:\users\oalia\desktop\staj\gun_12\gun_12_deneme\server\debug\server.tlog\cl.read.1.tlog
c:\users\oalia\desktop\staj\gun_12\gun_12_deneme\server\debug\server.tlog\cl.write.1.tlog
c:\users\oalia\desktop\staj\gun_12\gun_12_deneme\server\debug\server.tlog\link.command.1.tlog
c:\users\oalia\desktop\staj\gun_12\gun_12_deneme\server\debug\server.tlog\link.read.1.tlog
c:\users\oalia\desktop\staj\gun_12\gun_12_deneme\server\debug\server.tlog\link.write.1.tlog
